c:\users\evonee\documents\cse 167\project_4\robots\robots\debug\vc120.pdb
c:\users\evonee\documents\cse 167\project_4\robots\robots\debug\vc120.idb
c:\users\evonee\documents\cse 167\project_4\robots\robots\debug\bunny.obj
c:\users\evonee\documents\cse 167\project_4\robots\robots\debug\camera.obj
c:\users\evonee\documents\cse 167\project_4\robots\robots\debug\cube.obj
c:\users\evonee\documents\cse 167\project_4\robots\robots\debug\dragon.obj
c:\users\evonee\documents\cse 167\project_4\robots\robots\debug\house.obj
c:\users\evonee\documents\cse 167\project_4\robots\robots\debug\matrix4.obj
c:\users\evonee\documents\cse 167\project_4\robots\robots\debug\matrixtransform.obj
c:\users\evonee\documents\cse 167\project_4\robots\robots\debug\model.obj
c:\users\evonee\documents\cse 167\project_4\robots\robots\debug\pointmodel.obj
c:\users\evonee\documents\cse 167\project_4\robots\robots\debug\sphere.obj
c:\users\evonee\documents\cse 167\project_4\robots\robots\debug\vector3.obj
c:\users\evonee\documents\cse 167\project_4\robots\robots\debug\vector4.obj
c:\users\evonee\documents\cse 167\project_4\robots\robots\debug\window.obj
c:\users\evonee\documents\cse 167\project_4\robots\robots\debug\geode.obj
c:\users\evonee\documents\cse 167\project_4\robots\robots\debug\group.obj
c:\users\evonee\documents\cse 167\project_4\robots\robots\debug\node.obj
c:\users\evonee\documents\cse 167\project_4\robots\robots\debug\main.obj
c:\users\evonee\documents\cse 167\project_4\robots\debug\robots.exe
c:\users\evonee\documents\cse 167\project_4\robots\debug\robots.pdb
c:\users\evonee\documents\cse 167\project_4\robots\robots\debug\robots.tlog\cl.command.1.tlog
c:\users\evonee\documents\cse 167\project_4\robots\robots\debug\robots.tlog\cl.read.1.tlog
c:\users\evonee\documents\cse 167\project_4\robots\robots\debug\robots.tlog\cl.write.1.tlog
c:\users\evonee\documents\cse 167\project_4\robots\robots\debug\robots.tlog\link.command.1.tlog
c:\users\evonee\documents\cse 167\project_4\robots\robots\debug\robots.tlog\link.read.1.tlog
c:\users\evonee\documents\cse 167\project_4\robots\robots\debug\robots.tlog\link.write.1.tlog
