Build started 11/9/2014 8:30:23 PM.
     1>Project "C:\Users\Evonee\Documents\CSE 167\Project_4\Robots\Robots\Robots.vcxproj" on node 2 (Build target(s)).
     1>ClCompile:
         C:\Program Files (x86)\Microsoft Visual Studio 12.0\VC\bin\CL.exe /c /I"C:\glut\glut-3.7.6-bin" /ZI /nologo /W3 /WX- /sdl /Od /Oy- /D _MBCS /Gm /EHsc /RTC1 /MDd /GS /fp:precise /Zc:wchar_t /Zc:forScope /Fo"Debug\\" /Fd"Debug\vc120.pdb" /Gd /TP /analyze- /errorReport:prompt cube.cpp main.cpp
         main.cpp
         cube.cpp
         Generating Code...
       Link:
         C:\Program Files (x86)\Microsoft Visual Studio 12.0\VC\bin\link.exe /ERRORREPORT:PROMPT /OUT:"C:\Users\Evonee\Documents\CSE 167\Project_4\Robots\Debug\Robots.exe" /INCREMENTAL /NOLOGO /LIBPATH:"C:\glut\glut-3.7.6-bin" kernel32.lib user32.lib gdi32.lib winspool.lib comdlg32.lib advapi32.lib shell32.lib ole32.lib oleaut32.lib uuid.lib odbc32.lib odbccp32.lib /MANIFEST /MANIFESTUAC:"level='asInvoker' uiAccess='false'" /manifest:embed /DEBUG /PDB:"C:\Users\Evonee\Documents\CSE 167\Project_4\Robots\Debug\Robots.pdb" /TLBID:1 /DYNAMICBASE /NXCOMPAT /IMPLIB:"C:\Users\Evonee\Documents\CSE 167\Project_4\Robots\Debug\Robots.lib" /MACHINE:X86 Debug\Bunny.obj
         Debug\Camera.obj
         Debug\cube.obj
         Debug\Dragon.obj
         Debug\House.obj
         Debug\main.obj
         Debug\Matrix4.obj
         Debug\MatrixTransform.obj
         Debug\Model.obj
         Debug\PointModel.obj
         Debug\Sphere.obj
         Debug\vector3.obj
         Debug\Vector4.obj
         Debug\window.obj
         Debug\Geode.obj
         Debug\Group.obj
         Debug\Node.obj
         Robots.vcxproj -> C:\Users\Evonee\Documents\CSE 167\Project_4\Robots\Debug\Robots.exe
     1>Done Building Project "C:\Users\Evonee\Documents\CSE 167\Project_4\Robots\Robots\Robots.vcxproj" (Build target(s)).

Build succeeded.

Time Elapsed 00:00:08.67
